==28032== Memcheck, a memory error detector
==28032== Copyright (C) 2002-2022, and GNU GPL'd, by Julian Seward et al.
==28032== Using Valgrind-3.22.0 and LibVEX; rerun with -h for copyright info
==28032== Command: ./build/stitch README.md
==28032== Parent PID: 27946
==28032== 
==28032== Conditional jump or move depends on uninitialised value(s)
==28032==    at 0x40FCF38: __dl___strlen_aarch64 (in /apex/com.android.runtime/bin/linker64)
==28032==    by 0x4106417: __dl__ZNK7android10properties16PropertyInfoArea16CheckPrefixMatchEPKcRKNS0_8TrieNodeEPjS7_ (in /apex/com.android.runtime/bin/linker64)
==28032==    by 0x4106617: __dl__ZNK7android10properties16PropertyInfoArea22GetPropertyInfoIndexesEPKcPjS4_ (in /apex/com.android.runtime/bin/linker64)
==28032==    by 0x410614B: __dl__ZN18ContextsSerialized18GetPropAreaForNameEPKc (in /apex/com.android.runtime/bin/linker64)
==28032==    by 0x41043A7: __dl__ZN16SystemProperties4FindEPKc (in /apex/com.android.runtime/bin/linker64)
==28032==    by 0x4104107: __dl___system_property_find (in /apex/com.android.runtime/bin/linker64)
==28032==    by 0x412762F: __dl__Z31get_config_from_env_or_syspropsPKcPKS0_mPcm (in /apex/com.android.runtime/bin/linker64)
==28032==    by 0x41274F7: __dl__ZL30get_environment_memtag_settingP16HeapTaggingLevel (in /apex/com.android.runtime/bin/linker64)
==28032==    by 0x4127267: __dl__Z15__libc_init_mtePKvmm (in /apex/com.android.runtime/bin/linker64)
==28032==    by 0x40BB6CF: __dl__ZL29__linker_init_post_relocationR19KernelArgumentBlockR6soinfo (in /apex/com.android.runtime/bin/linker64)
==28032==    by 0x40BAD5B: __dl___linker_init (in /apex/com.android.runtime/bin/linker64)
==28032==    by 0x4055DB7: __dl__start (in /apex/com.android.runtime/bin/linker64)
==28032== 
==28032== Conditional jump or move depends on uninitialised value(s)
==28032==    at 0x4106478: __dl__ZNK7android10properties16PropertyInfoArea16CheckPrefixMatchEPKcRKNS0_8TrieNodeEPjS7_ (in /apex/com.android.runtime/bin/linker64)
==28032==    by 0x4106617: __dl__ZNK7android10properties16PropertyInfoArea22GetPropertyInfoIndexesEPKcPjS4_ (in /apex/com.android.runtime/bin/linker64)
==28032==    by 0x410614B: __dl__ZN18ContextsSerialized18GetPropAreaForNameEPKc (in /apex/com.android.runtime/bin/linker64)
==28032==    by 0x41043A7: __dl__ZN16SystemProperties4FindEPKc (in /apex/com.android.runtime/bin/linker64)
==28032==    by 0x4104107: __dl___system_property_find (in /apex/com.android.runtime/bin/linker64)
==28032==    by 0x412762F: __dl__Z31get_config_from_env_or_syspropsPKcPKS0_mPcm (in /apex/com.android.runtime/bin/linker64)
==28032==    by 0x41274F7: __dl__ZL30get_environment_memtag_settingP16HeapTaggingLevel (in /apex/com.android.runtime/bin/linker64)
==28032==    by 0x4127267: __dl__Z15__libc_init_mtePKvmm (in /apex/com.android.runtime/bin/linker64)
==28032==    by 0x40BB6CF: __dl__ZL29__linker_init_post_relocationR19KernelArgumentBlockR6soinfo (in /apex/com.android.runtime/bin/linker64)
==28032==    by 0x40BAD5B: __dl___linker_init (in /apex/com.android.runtime/bin/linker64)
==28032==    by 0x4055DB7: __dl__start (in /apex/com.android.runtime/bin/linker64)
==28032== 
==28032== Conditional jump or move depends on uninitialised value(s)
==28032==    at 0x40FCEF4: __dl___strlen_aarch64 (in /apex/com.android.runtime/bin/linker64)
==28032==    by 0x4106417: __dl__ZNK7android10properties16PropertyInfoArea16CheckPrefixMatchEPKcRKNS0_8TrieNodeEPjS7_ (in /apex/com.android.runtime/bin/linker64)
==28032==    by 0x4106617: __dl__ZNK7android10properties16PropertyInfoArea22GetPropertyInfoIndexesEPKcPjS4_ (in /apex/com.android.runtime/bin/linker64)
==28032==    by 0x410614B: __dl__ZN18ContextsSerialized18GetPropAreaForNameEPKc (in /apex/com.android.runtime/bin/linker64)
==28032==    by 0x41043A7: __dl__ZN16SystemProperties4FindEPKc (in /apex/com.android.runtime/bin/linker64)
==28032==    by 0x4104107: __dl___system_property_find (in /apex/com.android.runtime/bin/linker64)
==28032==    by 0x412762F: __dl__Z31get_config_from_env_or_syspropsPKcPKS0_mPcm (in /apex/com.android.runtime/bin/linker64)
==28032==    by 0x41274F7: __dl__ZL30get_environment_memtag_settingP16HeapTaggingLevel (in /apex/com.android.runtime/bin/linker64)
==28032==    by 0x4127267: __dl__Z15__libc_init_mtePKvmm (in /apex/com.android.runtime/bin/linker64)
==28032==    by 0x40BB6CF: __dl__ZL29__linker_init_post_relocationR19KernelArgumentBlockR6soinfo (in /apex/com.android.runtime/bin/linker64)
==28032==    by 0x40BAD5B: __dl___linker_init (in /apex/com.android.runtime/bin/linker64)
==28032==    by 0x4055DB7: __dl__start (in /apex/com.android.runtime/bin/linker64)
==28032== 
==28032== Conditional jump or move depends on uninitialised value(s)
==28032==    at 0x40FCEF4: __dl___strlen_aarch64 (in /apex/com.android.runtime/bin/linker64)
==28032==    by 0x4106417: __dl__ZNK7android10properties16PropertyInfoArea16CheckPrefixMatchEPKcRKNS0_8TrieNodeEPjS7_ (in /apex/com.android.runtime/bin/linker64)
==28032==    by 0x410673F: __dl__ZNK7android10properties16PropertyInfoArea22GetPropertyInfoIndexesEPKcPjS4_ (in /apex/com.android.runtime/bin/linker64)
==28032==    by 0x410614B: __dl__ZN18ContextsSerialized18GetPropAreaForNameEPKc (in /apex/com.android.runtime/bin/linker64)
==28032==    by 0x41043A7: __dl__ZN16SystemProperties4FindEPKc (in /apex/com.android.runtime/bin/linker64)
==28032==    by 0x4104107: __dl___system_property_find (in /apex/com.android.runtime/bin/linker64)
==28032==    by 0x412762F: __dl__Z31get_config_from_env_or_syspropsPKcPKS0_mPcm (in /apex/com.android.runtime/bin/linker64)
==28032==    by 0x41274F7: __dl__ZL30get_environment_memtag_settingP16HeapTaggingLevel (in /apex/com.android.runtime/bin/linker64)
==28032==    by 0x4127267: __dl__Z15__libc_init_mtePKvmm (in /apex/com.android.runtime/bin/linker64)
==28032==    by 0x40BB6CF: __dl__ZL29__linker_init_post_relocationR19KernelArgumentBlockR6soinfo (in /apex/com.android.runtime/bin/linker64)
==28032==    by 0x40BAD5B: __dl___linker_init (in /apex/com.android.runtime/bin/linker64)
==28032==    by 0x4055DB7: __dl__start (in /apex/com.android.runtime/bin/linker64)
==28032== 
==28032== Conditional jump or move depends on uninitialised value(s)
==28032==    at 0x40FCF38: __dl___strlen_aarch64 (in /apex/com.android.runtime/bin/linker64)
==28032==    by 0x4108073: __dl___strlen_chk (in /apex/com.android.runtime/bin/linker64)
==28032==    by 0x41057B7: __dl__ZN9prop_area4findEPKc (in /apex/com.android.runtime/bin/linker64)
==28032==    by 0x4104107: __dl___system_property_find (in /apex/com.android.runtime/bin/linker64)
==28032==    by 0x412762F: __dl__Z31get_config_from_env_or_syspropsPKcPKS0_mPcm (in /apex/com.android.runtime/bin/linker64)
==28032==    by 0x41274F7: __dl__ZL30get_environment_memtag_settingP16HeapTaggingLevel (in /apex/com.android.runtime/bin/linker64)
==28032==    by 0x4127267: __dl__Z15__libc_init_mtePKvmm (in /apex/com.android.runtime/bin/linker64)
==28032==    by 0x40BB6CF: __dl__ZL29__linker_init_post_relocationR19KernelArgumentBlockR6soinfo (in /apex/com.android.runtime/bin/linker64)
==28032==    by 0x40BAD5B: __dl___linker_init (in /apex/com.android.runtime/bin/linker64)
==28032==    by 0x4055DB7: __dl__start (in /apex/com.android.runtime/bin/linker64)
==28032== 
==28032== Conditional jump or move depends on uninitialised value(s)
==28032==    at 0x4108078: __dl___strlen_chk (in /apex/com.android.runtime/bin/linker64)
==28032==    by 0x41057B7: __dl__ZN9prop_area4findEPKc (in /apex/com.android.runtime/bin/linker64)
==28032==    by 0x4104107: __dl___system_property_find (in /apex/com.android.runtime/bin/linker64)
==28032==    by 0x412762F: __dl__Z31get_config_from_env_or_syspropsPKcPKS0_mPcm (in /apex/com.android.runtime/bin/linker64)
==28032==    by 0x41274F7: __dl__ZL30get_environment_memtag_settingP16HeapTaggingLevel (in /apex/com.android.runtime/bin/linker64)
==28032==    by 0x4127267: __dl__Z15__libc_init_mtePKvmm (in /apex/com.android.runtime/bin/linker64)
==28032==    by 0x40BB6CF: __dl__ZL29__linker_init_post_relocationR19KernelArgumentBlockR6soinfo (in /apex/com.android.runtime/bin/linker64)
==28032==    by 0x40BAD5B: __dl___linker_init (in /apex/com.android.runtime/bin/linker64)
==28032==    by 0x4055DB7: __dl__start (in /apex/com.android.runtime/bin/linker64)
==28032== 
==28032== Conditional jump or move depends on uninitialised value(s)
==28032==    at 0x40FCEF4: __dl___strlen_aarch64 (in /apex/com.android.runtime/bin/linker64)
==28032==    by 0x40F61FF: __dl__ZNSt3__112basic_stringIcNS_11char_traitsIcEENS_9allocatorIcEEE6assignEPKc (in /apex/com.android.runtime/bin/linker64)
==28032==    by 0x4055057: __dl__Z14normalize_pathPKcPNSt3__112basic_stringIcNS1_11char_traitsIcEENS1_9allocatorIcEEEE (in /apex/com.android.runtime/bin/linker64)
==28032==    by 0x4055787: __dl__Z12resolve_pathRKNSt3__112basic_stringIcNS_11char_traitsIcEENS_9allocatorIcEEEE (in /apex/com.android.runtime/bin/linker64)
==28032==    by 0x4049E27: __dl__ZN10Properties9get_pathsERKNSt3__112basic_stringIcNS0_11char_traitsIcEENS0_9allocatorIcEEEEbPm (in /apex/com.android.runtime/bin/linker64)
==28032==    by 0x40491AB: __dl__ZN6Config18read_binary_configEPKcS1_bPPKS_PNSt3__112basic_stringIcNS5_11char_traitsIcEENS5_9allocatorIcEEEE (in /apex/com.android.runtime/bin/linker64)
==28032==    by 0x4040023: __dl__Z23init_default_namespacesPKc (in /apex/com.android.runtime/bin/linker64)
==28032==    by 0x40BBBAB: __dl__ZL29__linker_init_post_relocationR19KernelArgumentBlockR6soinfo (in /apex/com.android.runtime/bin/linker64)
==28032==    by 0x40BAD5B: __dl___linker_init (in /apex/com.android.runtime/bin/linker64)
==28032==    by 0x4055DB7: __dl__start (in /apex/com.android.runtime/bin/linker64)
==28032== 
==28032== Conditional jump or move depends on uninitialised value(s)
==28032==    at 0x40F6224: __dl__ZNSt3__112basic_stringIcNS_11char_traitsIcEENS_9allocatorIcEEE6assignEPKc (in /apex/com.android.runtime/bin/linker64)
==28032==    by 0x4055057: __dl__Z14normalize_pathPKcPNSt3__112basic_stringIcNS1_11char_traitsIcEENS1_9allocatorIcEEEE (in /apex/com.android.runtime/bin/linker64)
==28032==    by 0x4055787: __dl__Z12resolve_pathRKNSt3__112basic_stringIcNS_11char_traitsIcEENS_9allocatorIcEEEE (in /apex/com.android.runtime/bin/linker64)
==28032==    by 0x4049E27: __dl__ZN10Properties9get_pathsERKNSt3__112basic_stringIcNS0_11char_traitsIcEENS0_9allocatorIcEEEEbPm (in /apex/com.android.runtime/bin/linker64)
==28032==    by 0x40491AB: __dl__ZN6Config18read_binary_configEPKcS1_bPPKS_PNSt3__112basic_stringIcNS5_11char_traitsIcEENS5_9allocatorIcEEEE (in /apex/com.android.runtime/bin/linker64)
==28032==    by 0x4040023: __dl__Z23init_default_namespacesPKc (in /apex/com.android.runtime/bin/linker64)
==28032==    by 0x40BBBAB: __dl__ZL29__linker_init_post_relocationR19KernelArgumentBlockR6soinfo (in /apex/com.android.runtime/bin/linker64)
==28032==    by 0x40BAD5B: __dl___linker_init (in /apex/com.android.runtime/bin/linker64)
==28032==    by 0x4055DB7: __dl__start (in /apex/com.android.runtime/bin/linker64)
==28032== 
==28032== Conditional jump or move depends on uninitialised value(s)
==28032==    at 0x40F6260: __dl__ZNSt3__112basic_stringIcNS_11char_traitsIcEENS_9allocatorIcEEE6assignEPKc (in /apex/com.android.runtime/bin/linker64)
==28032==    by 0x4055057: __dl__Z14normalize_pathPKcPNSt3__112basic_stringIcNS1_11char_traitsIcEENS1_9allocatorIcEEEE (in /apex/com.android.runtime/bin/linker64)
==28032==    by 0x4055787: __dl__Z12resolve_pathRKNSt3__112basic_stringIcNS_11char_traitsIcEENS_9allocatorIcEEEE (in /apex/com.android.runtime/bin/linker64)
==28032==    by 0x4049E27: __dl__ZN10Properties9get_pathsERKNSt3__112basic_stringIcNS0_11char_traitsIcEENS0_9allocatorIcEEEEbPm (in /apex/com.android.runtime/bin/linker64)
==28032==    by 0x40491AB: __dl__ZN6Config18read_binary_configEPKcS1_bPPKS_PNSt3__112basic_stringIcNS5_11char_traitsIcEENS5_9allocatorIcEEEE (in /apex/com.android.runtime/bin/linker64)
==28032==    by 0x4040023: __dl__Z23init_default_namespacesPKc (in /apex/com.android.runtime/bin/linker64)
==28032==    by 0x40BBBAB: __dl__ZL29__linker_init_post_relocationR19KernelArgumentBlockR6soinfo (in /apex/com.android.runtime/bin/linker64)
==28032==    by 0x40BAD5B: __dl___linker_init (in /apex/com.android.runtime/bin/linker64)
==28032==    by 0x4055DB7: __dl__start (in /apex/com.android.runtime/bin/linker64)
==28032== 
==28032== Conditional jump or move depends on uninitialised value(s)
==28032==    at 0x40FE05C: __dl_memcpy_generic (in /apex/com.android.runtime/bin/linker64)
==28032==    by 0x40F6273: __dl__ZNSt3__112basic_stringIcNS_11char_traitsIcEENS_9allocatorIcEEE6assignEPKc (in /apex/com.android.runtime/bin/linker64)
==28032==    by 0x4055057: __dl__Z14normalize_pathPKcPNSt3__112basic_stringIcNS1_11char_traitsIcEENS1_9allocatorIcEEEE (in /apex/com.android.runtime/bin/linker64)
==28032==    by 0x4055787: __dl__Z12resolve_pathRKNSt3__112basic_stringIcNS_11char_traitsIcEENS_9allocatorIcEEEE (in /apex/com.android.runtime/bin/linker64)
==28032==    by 0x4049E27: __dl__ZN10Properties9get_pathsERKNSt3__112basic_stringIcNS0_11char_traitsIcEENS0_9allocatorIcEEEEbPm (in /apex/com.android.runtime/bin/linker64)
==28032==    by 0x40491AB: __dl__ZN6Config18read_binary_configEPKcS1_bPPKS_PNSt3__112basic_stringIcNS5_11char_traitsIcEENS5_9allocatorIcEEEE (in /apex/com.android.runtime/bin/linker64)
==28032==    by 0x4040023: __dl__Z23init_default_namespacesPKc (in /apex/com.android.runtime/bin/linker64)
==28032==    by 0x40BBBAB: __dl__ZL29__linker_init_post_relocationR19KernelArgumentBlockR6soinfo (in /apex/com.android.runtime/bin/linker64)
==28032==    by 0x40BAD5B: __dl___linker_init (in /apex/com.android.runtime/bin/linker64)
==28032==    by 0x4055DB7: __dl__start (in /apex/com.android.runtime/bin/linker64)
==28032== 
==28032== Conditional jump or move depends on uninitialised value(s)
==28032==    at 0x40FE110: __dl___memcpy (in /apex/com.android.runtime/bin/linker64)
==28032==    by 0x40F6273: __dl__ZNSt3__112basic_stringIcNS_11char_traitsIcEENS_9allocatorIcEEE6assignEPKc (in /apex/com.android.runtime/bin/linker64)
==28032==    by 0x4055057: __dl__Z14normalize_pathPKcPNSt3__112basic_stringIcNS1_11char_traitsIcEENS1_9allocatorIcEEEE (in /apex/com.android.runtime/bin/linker64)
==28032==    by 0x4055787: __dl__Z12resolve_pathRKNSt3__112basic_stringIcNS_11char_traitsIcEENS_9allocatorIcEEEE (in /apex/com.android.runtime/bin/linker64)
==28032==    by 0x4049E27: __dl__ZN10Properties9get_pathsERKNSt3__112basic_stringIcNS0_11char_traitsIcEENS0_9allocatorIcEEEEbPm (in /apex/com.android.runtime/bin/linker64)
==28032==    by 0x40491AB: __dl__ZN6Config18read_binary_configEPKcS1_bPPKS_PNSt3__112basic_stringIcNS5_11char_traitsIcEENS5_9allocatorIcEEEE (in /apex/com.android.runtime/bin/linker64)
==28032==    by 0x4040023: __dl__Z23init_default_namespacesPKc (in /apex/com.android.runtime/bin/linker64)
==28032==    by 0x40BBBAB: __dl__ZL29__linker_init_post_relocationR19KernelArgumentBlockR6soinfo (in /apex/com.android.runtime/bin/linker64)
==28032==    by 0x40BAD5B: __dl___linker_init (in /apex/com.android.runtime/bin/linker64)
==28032==    by 0x4055DB7: __dl__start (in /apex/com.android.runtime/bin/linker64)
==28032== 
==28032== Conditional jump or move depends on uninitialised value(s)
==28032==    at 0x40FE154: __dl___memcpy (in /apex/com.android.runtime/bin/linker64)
==28032==    by 0x40F6273: __dl__ZNSt3__112basic_stringIcNS_11char_traitsIcEENS_9allocatorIcEEE6assignEPKc (in /apex/com.android.runtime/bin/linker64)
==28032==    by 0x4055057: __dl__Z14normalize_pathPKcPNSt3__112basic_stringIcNS1_11char_traitsIcEENS1_9allocatorIcEEEE (in /apex/com.android.runtime/bin/linker64)
==28032==    by 0x4055787: __dl__Z12resolve_pathRKNSt3__112basic_stringIcNS_11char_traitsIcEENS_9allocatorIcEEEE (in /apex/com.android.runtime/bin/linker64)
==28032==    by 0x4049E27: __dl__ZN10Properties9get_pathsERKNSt3__112basic_stringIcNS0_11char_traitsIcEENS0_9allocatorIcEEEEbPm (in /apex/com.android.runtime/bin/linker64)
==28032==    by 0x40491AB: __dl__ZN6Config18read_binary_configEPKcS1_bPPKS_PNSt3__112basic_stringIcNS5_11char_traitsIcEENS5_9allocatorIcEEEE (in /apex/com.android.runtime/bin/linker64)
==28032==    by 0x4040023: __dl__Z23init_default_namespacesPKc (in /apex/com.android.runtime/bin/linker64)
==28032==    by 0x40BBBAB: __dl__ZL29__linker_init_post_relocationR19KernelArgumentBlockR6soinfo (in /apex/com.android.runtime/bin/linker64)
==28032==    by 0x40BAD5B: __dl___linker_init (in /apex/com.android.runtime/bin/linker64)
==28032==    by 0x4055DB7: __dl__start (in /apex/com.android.runtime/bin/linker64)
==28032== 
==28032== Use of uninitialised value of size 8
==28032==    at 0x40FE15C: __dl___memcpy (in /apex/com.android.runtime/bin/linker64)
==28032==    by 0x40F6273: __dl__ZNSt3__112basic_stringIcNS_11char_traitsIcEENS_9allocatorIcEEE6assignEPKc (in /apex/com.android.runtime/bin/linker64)
==28032==    by 0x4055057: __dl__Z14normalize_pathPKcPNSt3__112basic_stringIcNS1_11char_traitsIcEENS1_9allocatorIcEEEE (in /apex/com.android.runtime/bin/linker64)
==28032==    by 0x4055787: __dl__Z12resolve_pathRKNSt3__112basic_stringIcNS_11char_traitsIcEENS_9allocatorIcEEEE (in /apex/com.android.runtime/bin/linker64)
==28032==    by 0x4049E27: __dl__ZN10Properties9get_pathsERKNSt3__112basic_stringIcNS0_11char_traitsIcEENS0_9allocatorIcEEEEbPm (in /apex/com.android.runtime/bin/linker64)
==28032==    by 0x40491AB: __dl__ZN6Config18read_binary_configEPKcS1_bPPKS_PNSt3__112basic_stringIcNS5_11char_traitsIcEENS5_9allocatorIcEEEE (in /apex/com.android.runtime/bin/linker64)
==28032==    by 0x4040023: __dl__Z23init_default_namespacesPKc (in /apex/com.android.runtime/bin/linker64)
==28032==    by 0x40BBBAB: __dl__ZL29__linker_init_post_relocationR19KernelArgumentBlockR6soinfo (in /apex/com.android.runtime/bin/linker64)
==28032==    by 0x40BAD5B: __dl___linker_init (in /apex/com.android.runtime/bin/linker64)
==28032==    by 0x4055DB7: __dl__start (in /apex/com.android.runtime/bin/linker64)
==28032== 
==28032== Use of uninitialised value of size 8
==28032==    at 0x40FE164: __dl___memcpy (in /apex/com.android.runtime/bin/linker64)
==28032==    by 0x40F6273: __dl__ZNSt3__112basic_stringIcNS_11char_traitsIcEENS_9allocatorIcEEE6assignEPKc (in /apex/com.android.runtime/bin/linker64)
==28032==    by 0x4055057: __dl__Z14normalize_pathPKcPNSt3__112basic_stringIcNS1_11char_traitsIcEENS1_9allocatorIcEEEE (in /apex/com.android.runtime/bin/linker64)
==28032==    by 0x4055787: __dl__Z12resolve_pathRKNSt3__112basic_stringIcNS_11char_traitsIcEENS_9allocatorIcEEEE (in /apex/com.android.runtime/bin/linker64)
==28032==    by 0x4049E27: __dl__ZN10Properties9get_pathsERKNSt3__112basic_stringIcNS0_11char_traitsIcEENS0_9allocatorIcEEEEbPm (in /apex/com.android.runtime/bin/linker64)
==28032==    by 0x40491AB: __dl__ZN6Config18read_binary_configEPKcS1_bPPKS_PNSt3__112basic_stringIcNS5_11char_traitsIcEENS5_9allocatorIcEEEE (in /apex/com.android.runtime/bin/linker64)
==28032==    by 0x4040023: __dl__Z23init_default_namespacesPKc (in /apex/com.android.runtime/bin/linker64)
==28032==    by 0x40BBBAB: __dl__ZL29__linker_init_post_relocationR19KernelArgumentBlockR6soinfo (in /apex/com.android.runtime/bin/linker64)
==28032==    by 0x40BAD5B: __dl___linker_init (in /apex/com.android.runtime/bin/linker64)
==28032==    by 0x4055DB7: __dl__start (in /apex/com.android.runtime/bin/linker64)
==28032== 
==28032== Use of uninitialised value of size 8
==28032==    at 0x40F6274: __dl__ZNSt3__112basic_stringIcNS_11char_traitsIcEENS_9allocatorIcEEE6assignEPKc (in /apex/com.android.runtime/bin/linker64)
==28032==    by 0x4055057: __dl__Z14normalize_pathPKcPNSt3__112basic_stringIcNS1_11char_traitsIcEENS1_9allocatorIcEEEE (in /apex/com.android.runtime/bin/linker64)
==28032==    by 0x4055787: __dl__Z12resolve_pathRKNSt3__112basic_stringIcNS_11char_traitsIcEENS_9allocatorIcEEEE (in /apex/com.android.runtime/bin/linker64)
==28032==    by 0x4049E27: __dl__ZN10Properties9get_pathsERKNSt3__112basic_stringIcNS0_11char_traitsIcEENS0_9allocatorIcEEEEbPm (in /apex/com.android.runtime/bin/linker64)
==28032==    by 0x40491AB: __dl__ZN6Config18read_binary_configEPKcS1_bPPKS_PNSt3__112basic_stringIcNS5_11char_traitsIcEENS5_9allocatorIcEEEE (in /apex/com.android.runtime/bin/linker64)
==28032==    by 0x4040023: __dl__Z23init_default_namespacesPKc (in /apex/com.android.runtime/bin/linker64)
==28032==    by 0x40BBBAB: __dl__ZL29__linker_init_post_relocationR19KernelArgumentBlockR6soinfo (in /apex/com.android.runtime/bin/linker64)
==28032==    by 0x40BAD5B: __dl___linker_init (in /apex/com.android.runtime/bin/linker64)
==28032==    by 0x4055DB7: __dl__start (in /apex/com.android.runtime/bin/linker64)
==28032== 
==28032== Conditional jump or move depends on uninitialised value(s)
==28032==    at 0x40FCEF4: __dl___strlen_aarch64 (in /apex/com.android.runtime/bin/linker64)
==28032==    by 0x40F61FF: __dl__ZNSt3__112basic_stringIcNS_11char_traitsIcEENS_9allocatorIcEEE6assignEPKc (in /apex/com.android.runtime/bin/linker64)
==28032==    by 0x4055057: __dl__Z14normalize_pathPKcPNSt3__112basic_stringIcNS1_11char_traitsIcEENS1_9allocatorIcEEEE (in /apex/com.android.runtime/bin/linker64)
==28032==    by 0x40551EB: __dl__Z14parse_zip_pathPKcPNSt3__112basic_stringIcNS1_11char_traitsIcEENS1_9allocatorIcEEEES8_ (in /apex/com.android.runtime/bin/linker64)
==28032==    by 0x40557BF: __dl__Z12resolve_pathRKNSt3__112basic_stringIcNS_11char_traitsIcEENS_9allocatorIcEEEE (in /apex/com.android.runtime/bin/linker64)
==28032==    by 0x4049E27: __dl__ZN10Properties9get_pathsERKNSt3__112basic_stringIcNS0_11char_traitsIcEENS0_9allocatorIcEEEEbPm (in /apex/com.android.runtime/bin/linker64)
==28032==    by 0x40491AB: __dl__ZN6Config18read_binary_configEPKcS1_bPPKS_PNSt3__112basic_stringIcNS5_11char_traitsIcEENS5_9allocatorIcEEEE (in /apex/com.android.runtime/bin/linker64)
==28032==    by 0x4040023: __dl__Z23init_default_namespacesPKc (in /apex/com.android.runtime/bin/linker64)
==28032==    by 0x40BBBAB: __dl__ZL29__linker_init_post_relocationR19KernelArgumentBlockR6soinfo (in /apex/com.android.runtime/bin/linker64)
==28032==    by 0x40BAD5B: __dl___linker_init (in /apex/com.android.runtime/bin/linker64)
==28032==    by 0x4055DB7: __dl__start (in /apex/com.android.runtime/bin/linker64)
==28032== 
==28032== Conditional jump or move depends on uninitialised value(s)
==28032==    at 0x40F6224: __dl__ZNSt3__112basic_stringIcNS_11char_traitsIcEENS_9allocatorIcEEE6assignEPKc (in /apex/com.android.runtime/bin/linker64)
==28032==    by 0x4055057: __dl__Z14normalize_pathPKcPNSt3__112basic_stringIcNS1_11char_traitsIcEENS1_9allocatorIcEEEE (in /apex/com.android.runtime/bin/linker64)
==28032==    by 0x40551EB: __dl__Z14parse_zip_pathPKcPNSt3__112basic_stringIcNS1_11char_traitsIcEENS1_9allocatorIcEEEES8_ (in /apex/com.android.runtime/bin/linker64)
==28032==    by 0x40557BF: __dl__Z12resolve_pathRKNSt3__112basic_stringIcNS_11char_traitsIcEENS_9allocatorIcEEEE (in /apex/com.android.runtime/bin/linker64)
==28032==    by 0x4049E27: __dl__ZN10Properties9get_pathsERKNSt3__112basic_stringIcNS0_11char_traitsIcEENS0_9allocatorIcEEEEbPm (in /apex/com.android.runtime/bin/linker64)
==28032==    by 0x40491AB: __dl__ZN6Config18read_binary_configEPKcS1_bPPKS_PNSt3__112basic_stringIcNS5_11char_traitsIcEENS5_9allocatorIcEEEE (in /apex/com.android.runtime/bin/linker64)
==28032==    by 0x4040023: __dl__Z23init_default_namespacesPKc (in /apex/com.android.runtime/bin/linker64)
==28032==    by 0x40BBBAB: __dl__ZL29__linker_init_post_relocationR19KernelArgumentBlockR6soinfo (in /apex/com.android.runtime/bin/linker64)
==28032==    by 0x40BAD5B: __dl___linker_init (in /apex/com.android.runtime/bin/linker64)
==28032==    by 0x4055DB7: __dl__start (in /apex/com.android.runtime/bin/linker64)
==28032== 
==28032== Conditional jump or move depends on uninitialised value(s)
==28032==    at 0x40F6260: __dl__ZNSt3__112basic_stringIcNS_11char_traitsIcEENS_9allocatorIcEEE6assignEPKc (in /apex/com.android.runtime/bin/linker64)
==28032==    by 0x4055057: __dl__Z14normalize_pathPKcPNSt3__112basic_stringIcNS1_11char_traitsIcEENS1_9allocatorIcEEEE (in /apex/com.android.runtime/bin/linker64)
==28032==    by 0x40551EB: __dl__Z14parse_zip_pathPKcPNSt3__112basic_stringIcNS1_11char_traitsIcEENS1_9allocatorIcEEEES8_ (in /apex/com.android.runtime/bin/linker64)
==28032==    by 0x40557BF: __dl__Z12resolve_pathRKNSt3__112basic_stringIcNS_11char_traitsIcEENS_9allocatorIcEEEE (in /apex/com.android.runtime/bin/linker64)
==28032==    by 0x4049E27: __dl__ZN10Properties9get_pathsERKNSt3__112basic_stringIcNS0_11char_traitsIcEENS0_9allocatorIcEEEEbPm (in /apex/com.android.runtime/bin/linker64)
==28032==    by 0x40491AB: __dl__ZN6Config18read_binary_configEPKcS1_bPPKS_PNSt3__112basic_stringIcNS5_11char_traitsIcEENS5_9allocatorIcEEEE (in /apex/com.android.runtime/bin/linker64)
==28032==    by 0x4040023: __dl__Z23init_default_namespacesPKc (in /apex/com.android.runtime/bin/linker64)
==28032==    by 0x40BBBAB: __dl__ZL29__linker_init_post_relocationR19KernelArgumentBlockR6soinfo (in /apex/com.android.runtime/bin/linker64)
==28032==    by 0x40BAD5B: __dl___linker_init (in /apex/com.android.runtime/bin/linker64)
==28032==    by 0x4055DB7: __dl__start (in /apex/com.android.runtime/bin/linker64)
==28032== 
==28032== Conditional jump or move depends on uninitialised value(s)
==28032==    at 0x40FE05C: __dl_memcpy_generic (in /apex/com.android.runtime/bin/linker64)
==28032==    by 0x40F6273: __dl__ZNSt3__112basic_stringIcNS_11char_traitsIcEENS_9allocatorIcEEE6assignEPKc (in /apex/com.android.runtime/bin/linker64)
==28032==    by 0x4055057: __dl__Z14normalize_pathPKcPNSt3__112basic_stringIcNS1_11char_traitsIcEENS1_9allocatorIcEEEE (in /apex/com.android.runtime/bin/linker64)
==28032==    by 0x40551EB: __dl__Z14parse_zip_pathPKcPNSt3__112basic_stringIcNS1_11char_traitsIcEENS1_9allocatorIcEEEES8_ (in /apex/com.android.runtime/bin/linker64)
==28032==    by 0x40557BF: __dl__Z12resolve_pathRKNSt3__112basic_stringIcNS_11char_traitsIcEENS_9allocatorIcEEEE (in /apex/com.android.runtime/bin/linker64)
==28032==    by 0x4049E27: __dl__ZN10Properties9get_pathsERKNSt3__112basic_stringIcNS0_11char_traitsIcEENS0_9allocatorIcEEEEbPm (in /apex/com.android.runtime/bin/linker64)
==28032==    by 0x40491AB: __dl__ZN6Config18read_binary_configEPKcS1_bPPKS_PNSt3__112basic_stringIcNS5_11char_traitsIcEENS5_9allocatorIcEEEE (in /apex/com.android.runtime/bin/linker64)
==28032==    by 0x4040023: __dl__Z23init_default_namespacesPKc (in /apex/com.android.runtime/bin/linker64)
==28032==    by 0x40BBBAB: __dl__ZL29__linker_init_post_relocationR19KernelArgumentBlockR6soinfo (in /apex/com.android.runtime/bin/linker64)
==28032==    by 0x40BAD5B: __dl___linker_init (in /apex/com.android.runtime/bin/linker64)
==28032==    by 0x4055DB7: __dl__start (in /apex/com.android.runtime/bin/linker64)
==28032== 
==28032== Conditional jump or move depends on uninitialised value(s)
==28032==    at 0x40FE110: __dl___memcpy (in /apex/com.android.runtime/bin/linker64)
==28032==    by 0x40F6273: __dl__ZNSt3__112basic_stringIcNS_11char_traitsIcEENS_9allocatorIcEEE6assignEPKc (in /apex/com.android.runtime/bin/linker64)
==28032==    by 0x4055057: __dl__Z14normalize_pathPKcPNSt3__112basic_stringIcNS1_11char_traitsIcEENS1_9allocatorIcEEEE (in /apex/com.android.runtime/bin/linker64)
==28032==    by 0x40551EB: __dl__Z14parse_zip_pathPKcPNSt3__112basic_stringIcNS1_11char_traitsIcEENS1_9allocatorIcEEEES8_ (in /apex/com.android.runtime/bin/linker64)
==28032==    by 0x40557BF: __dl__Z12resolve_pathRKNSt3__112basic_stringIcNS_11char_traitsIcEENS_9allocatorIcEEEE (in /apex/com.android.runtime/bin/linker64)
==28032==    by 0x4049E27: __dl__ZN10Properties9get_pathsERKNSt3__112basic_stringIcNS0_11char_traitsIcEENS0_9allocatorIcEEEEbPm (in /apex/com.android.runtime/bin/linker64)
==28032==    by 0x40491AB: __dl__ZN6Config18read_binary_configEPKcS1_bPPKS_PNSt3__112basic_stringIcNS5_11char_traitsIcEENS5_9allocatorIcEEEE (in /apex/com.android.runtime/bin/linker64)
==28032==    by 0x4040023: __dl__Z23init_default_namespacesPKc (in /apex/com.android.runtime/bin/linker64)
==28032==    by 0x40BBBAB: __dl__ZL29__linker_init_post_relocationR19KernelArgumentBlockR6soinfo (in /apex/com.android.runtime/bin/linker64)
==28032==    by 0x40BAD5B: __dl___linker_init (in /apex/com.android.runtime/bin/linker64)
==28032==    by 0x4055DB7: __dl__start (in /apex/com.android.runtime/bin/linker64)
==28032== 
==28032== Conditional jump or move depends on uninitialised value(s)
==28032==    at 0x40FE154: __dl___memcpy (in /apex/com.android.runtime/bin/linker64)
==28032==    by 0x40F6273: __dl__ZNSt3__112basic_stringIcNS_11char_traitsIcEENS_9allocatorIcEEE6assignEPKc (in /apex/com.android.runtime/bin/linker64)
==28032==    by 0x4055057: __dl__Z14normalize_pathPKcPNSt3__112basic_stringIcNS1_11char_traitsIcEENS1_9allocatorIcEEEE (in /apex/com.android.runtime/bin/linker64)
==28032==    by 0x40551EB: __dl__Z14parse_zip_pathPKcPNSt3__112basic_stringIcNS1_11char_traitsIcEENS1_9allocatorIcEEEES8_ (in /apex/com.android.runtime/bin/linker64)
==28032==    by 0x40557BF: __dl__Z12resolve_pathRKNSt3__112basic_stringIcNS_11char_traitsIcEENS_9allocatorIcEEEE (in /apex/com.android.runtime/bin/linker64)
==28032==    by 0x4049E27: __dl__ZN10Properties9get_pathsERKNSt3__112basic_stringIcNS0_11char_traitsIcEENS0_9allocatorIcEEEEbPm (in /apex/com.android.runtime/bin/linker64)
==28032==    by 0x40491AB: __dl__ZN6Config18read_binary_configEPKcS1_bPPKS_PNSt3__112basic_stringIcNS5_11char_traitsIcEENS5_9allocatorIcEEEE (in /apex/com.android.runtime/bin/linker64)
==28032==    by 0x4040023: __dl__Z23init_default_namespacesPKc (in /apex/com.android.runtime/bin/linker64)
==28032==    by 0x40BBBAB: __dl__ZL29__linker_init_post_relocationR19KernelArgumentBlockR6soinfo (in /apex/com.android.runtime/bin/linker64)
==28032==    by 0x40BAD5B: __dl___linker_init (in /apex/com.android.runtime/bin/linker64)
==28032==    by 0x4055DB7: __dl__start (in /apex/com.android.runtime/bin/linker64)
==28032== 
==28032== Use of uninitialised value of size 8
==28032==    at 0x40FE15C: __dl___memcpy (in /apex/com.android.runtime/bin/linker64)
==28032==    by 0x40F6273: __dl__ZNSt3__112basic_stringIcNS_11char_traitsIcEENS_9allocatorIcEEE6assignEPKc (in /apex/com.android.runtime/bin/linker64)
==28032==    by 0x4055057: __dl__Z14normalize_pathPKcPNSt3__112basic_stringIcNS1_11char_traitsIcEENS1_9allocatorIcEEEE (in /apex/com.android.runtime/bin/linker64)
==28032==    by 0x40551EB: __dl__Z14parse_zip_pathPKcPNSt3__112basic_stringIcNS1_11char_traitsIcEENS1_9allocatorIcEEEES8_ (in /apex/com.android.runtime/bin/linker64)
==28032==    by 0x40557BF: __dl__Z12resolve_pathRKNSt3__112basic_stringIcNS_11char_traitsIcEENS_9allocatorIcEEEE (in /apex/com.android.runtime/bin/linker64)
==28032==    by 0x4049E27: __dl__ZN10Properties9get_pathsERKNSt3__112basic_stringIcNS0_11char_traitsIcEENS0_9allocatorIcEEEEbPm (in /apex/com.android.runtime/bin/linker64)
==28032==    by 0x40491AB: __dl__ZN6Config18read_binary_configEPKcS1_bPPKS_PNSt3__112basic_stringIcNS5_11char_traitsIcEENS5_9allocatorIcEEEE (in /apex/com.android.runtime/bin/linker64)
==28032==    by 0x4040023: __dl__Z23init_default_namespacesPKc (in /apex/com.android.runtime/bin/linker64)
==28032==    by 0x40BBBAB: __dl__ZL29__linker_init_post_relocationR19KernelArgumentBlockR6soinfo (in /apex/com.android.runtime/bin/linker64)
==28032==    by 0x40BAD5B: __dl___linker_init (in /apex/com.android.runtime/bin/linker64)
==28032==    by 0x4055DB7: __dl__start (in /apex/com.android.runtime/bin/linker64)
==28032== 
==28032== Use of uninitialised value of size 8
==28032==    at 0x40FE164: __dl___memcpy (in /apex/com.android.runtime/bin/linker64)
==28032==    by 0x40F6273: __dl__ZNSt3__112basic_stringIcNS_11char_traitsIcEENS_9allocatorIcEEE6assignEPKc (in /apex/com.android.runtime/bin/linker64)
==28032==    by 0x4055057: __dl__Z14normalize_pathPKcPNSt3__112basic_stringIcNS1_11char_traitsIcEENS1_9allocatorIcEEEE (in /apex/com.android.runtime/bin/linker64)
==28032==    by 0x40551EB: __dl__Z14parse_zip_pathPKcPNSt3__112basic_stringIcNS1_11char_traitsIcEENS1_9allocatorIcEEEES8_ (in /apex/com.android.runtime/bin/linker64)
==28032==    by 0x40557BF: __dl__Z12resolve_pathRKNSt3__112basic_stringIcNS_11char_traitsIcEENS_9allocatorIcEEEE (in /apex/com.android.runtime/bin/linker64)
==28032==    by 0x4049E27: __dl__ZN10Properties9get_pathsERKNSt3__112basic_stringIcNS0_11char_traitsIcEENS0_9allocatorIcEEEEbPm (in /apex/com.android.runtime/bin/linker64)
==28032==    by 0x40491AB: __dl__ZN6Config18read_binary_configEPKcS1_bPPKS_PNSt3__112basic_stringIcNS5_11char_traitsIcEENS5_9allocatorIcEEEE (in /apex/com.android.runtime/bin/linker64)
==28032==    by 0x4040023: __dl__Z23init_default_namespacesPKc (in /apex/com.android.runtime/bin/linker64)
==28032==    by 0x40BBBAB: __dl__ZL29__linker_init_post_relocationR19KernelArgumentBlockR6soinfo (in /apex/com.android.runtime/bin/linker64)
==28032==    by 0x40BAD5B: __dl___linker_init (in /apex/com.android.runtime/bin/linker64)
==28032==    by 0x4055DB7: __dl__start (in /apex/com.android.runtime/bin/linker64)
==28032== 
==28032== Use of uninitialised value of size 8
==28032==    at 0x40F6274: __dl__ZNSt3__112basic_stringIcNS_11char_traitsIcEENS_9allocatorIcEEE6assignEPKc (in /apex/com.android.runtime/bin/linker64)
==28032==    by 0x4055057: __dl__Z14normalize_pathPKcPNSt3__112basic_stringIcNS1_11char_traitsIcEENS1_9allocatorIcEEEE (in /apex/com.android.runtime/bin/linker64)
==28032==    by 0x40551EB: __dl__Z14parse_zip_pathPKcPNSt3__112basic_stringIcNS1_11char_traitsIcEENS1_9allocatorIcEEEES8_ (in /apex/com.android.runtime/bin/linker64)
==28032==    by 0x40557BF: __dl__Z12resolve_pathRKNSt3__112basic_stringIcNS_11char_traitsIcEENS_9allocatorIcEEEE (in /apex/com.android.runtime/bin/linker64)
==28032==    by 0x4049E27: __dl__ZN10Properties9get_pathsERKNSt3__112basic_stringIcNS0_11char_traitsIcEENS0_9allocatorIcEEEEbPm (in /apex/com.android.runtime/bin/linker64)
==28032==    by 0x40491AB: __dl__ZN6Config18read_binary_configEPKcS1_bPPKS_PNSt3__112basic_stringIcNS5_11char_traitsIcEENS5_9allocatorIcEEEE (in /apex/com.android.runtime/bin/linker64)
==28032==    by 0x4040023: __dl__Z23init_default_namespacesPKc (in /apex/com.android.runtime/bin/linker64)
==28032==    by 0x40BBBAB: __dl__ZL29__linker_init_post_relocationR19KernelArgumentBlockR6soinfo (in /apex/com.android.runtime/bin/linker64)
==28032==    by 0x40BAD5B: __dl___linker_init (in /apex/com.android.runtime/bin/linker64)
==28032==    by 0x4055DB7: __dl__start (in /apex/com.android.runtime/bin/linker64)
==28032== 
==28032== Conditional jump or move depends on uninitialised value(s)
==28032==    at 0x410F07C: __dl_strstr (in /apex/com.android.runtime/bin/linker64)
==28032==    by 0x405523B: __dl__Z14parse_zip_pathPKcPNSt3__112basic_stringIcNS1_11char_traitsIcEENS1_9allocatorIcEEEES8_ (in /apex/com.android.runtime/bin/linker64)
==28032==    by 0x40557BF: __dl__Z12resolve_pathRKNSt3__112basic_stringIcNS_11char_traitsIcEENS_9allocatorIcEEEE (in /apex/com.android.runtime/bin/linker64)
==28032==    by 0x4049E27: __dl__ZN10Properties9get_pathsERKNSt3__112basic_stringIcNS0_11char_traitsIcEENS0_9allocatorIcEEEEbPm (in /apex/com.android.runtime/bin/linker64)
==28032==    by 0x40491AB: __dl__ZN6Config18read_binary_configEPKcS1_bPPKS_PNSt3__112basic_stringIcNS5_11char_traitsIcEENS5_9allocatorIcEEEE (in /apex/com.android.runtime/bin/linker64)
==28032==    by 0x4040023: __dl__Z23init_default_namespacesPKc (in /apex/com.android.runtime/bin/linker64)
==28032==    by 0x40BBBAB: __dl__ZL29__linker_init_post_relocationR19KernelArgumentBlockR6soinfo (in /apex/com.android.runtime/bin/linker64)
==28032==    by 0x40BAD5B: __dl___linker_init (in /apex/com.android.runtime/bin/linker64)
==28032==    by 0x4055DB7: __dl__start (in /apex/com.android.runtime/bin/linker64)
==28032== 
==28032== Conditional jump or move depends on uninitialised value(s)
==28032==    at 0x405523C: __dl__Z14parse_zip_pathPKcPNSt3__112basic_stringIcNS1_11char_traitsIcEENS1_9allocatorIcEEEES8_ (in /apex/com.android.runtime/bin/linker64)
==28032==    by 0x40557BF: __dl__Z12resolve_pathRKNSt3__112basic_stringIcNS_11char_traitsIcEENS_9allocatorIcEEEE (in /apex/com.android.runtime/bin/linker64)
==28032==    by 0x4049E27: __dl__ZN10Properties9get_pathsERKNSt3__112basic_stringIcNS0_11char_traitsIcEENS0_9allocatorIcEEEEbPm (in /apex/com.android.runtime/bin/linker64)
==28032==    by 0x40491AB: __dl__ZN6Config18read_binary_configEPKcS1_bPPKS_PNSt3__112basic_stringIcNS5_11char_traitsIcEENS5_9allocatorIcEEEE (in /apex/com.android.runtime/bin/linker64)
==28032==    by 0x4040023: __dl__Z23init_default_namespacesPKc (in /apex/com.android.runtime/bin/linker64)
==28032==    by 0x40BBBAB: __dl__ZL29__linker_init_post_relocationR19KernelArgumentBlockR6soinfo (in /apex/com.android.runtime/bin/linker64)
==28032==    by 0x40BAD5B: __dl___linker_init (in /apex/com.android.runtime/bin/linker64)
==28032==    by 0x4055DB7: __dl__start (in /apex/com.android.runtime/bin/linker64)
==28032== 
==28032== Warning: set address range perms: large range [0x59a3f000, 0xd9a3f000) (noaccess)
==28032== Conditional jump or move depends on uninitialised value(s)
==28032==    at 0x10E704: ui_help_overlay_draw (in /data/data/com.termux/files/home/works/stitch/build/stitch)
==28032==    by 0x10F3AB: ui_refresh_screen (in /data/data/com.termux/files/home/works/stitch/build/stitch)
==28032==    by 0x10A943: main (in /data/data/com.termux/files/home/works/stitch/build/stitch)
==28032== 
==28032== Conditional jump or move depends on uninitialised value(s)
==28032==    at 0x111158: editor_process_keypress (in /data/data/com.termux/files/home/works/stitch/build/stitch)
==28032==    by 0x10A94B: main (in /data/data/com.termux/files/home/works/stitch/build/stitch)
==28032== 
==28032== Conditional jump or move depends on uninitialised value(s)
==28032==    at 0x10E704: ui_help_overlay_draw (in /data/data/com.termux/files/home/works/stitch/build/stitch)
==28032==    by 0x10F3AB: ui_refresh_screen (in /data/data/com.termux/files/home/works/stitch/build/stitch)
==28032==    by 0x10D587: ui_prompt (in /data/data/com.termux/files/home/works/stitch/build/stitch)
==28032==    by 0x110483: handle_command_prompt_mode (in /data/data/com.termux/files/home/works/stitch/build/stitch)
==28032==    by 0x11008F: handle_normal_mode (in /data/data/com.termux/files/home/works/stitch/build/stitch)
==28032==    by 0x11124F: editor_process_keypress (in /data/data/com.termux/files/home/works/stitch/build/stitch)
==28032==    by 0x10A94B: main (in /data/data/com.termux/files/home/works/stitch/build/stitch)
==28032== 
==28032== 
==28032== HEAP SUMMARY:
==28032==     in use at exit: 222,213 bytes in 495 blocks
==28032==   total heap usage: 550 allocs, 55 frees, 271,212 bytes allocated
==28032== 
==28032== LEAK SUMMARY:
==28032==    definitely lost: 0 bytes in 0 blocks
==28032==    indirectly lost: 0 bytes in 0 blocks
==28032==      possibly lost: 0 bytes in 0 blocks
==28032==    still reachable: 222,213 bytes in 495 blocks
==28032==         suppressed: 0 bytes in 0 blocks
==28032== Reachable blocks (those to which a pointer was found) are not shown.
==28032== To see them, rerun with: --leak-check=full --show-leak-kinds=all
==28032== 
==28032== Use --track-origins=yes to see where uninitialised values come from
==28032== For lists of detected and suppressed errors, rerun with: -s
==28032== ERROR SUMMARY: 1639 errors from 29 contexts (suppressed: 0 from 0)
